<?xml version="1.0" encoding="UTF-8"?>
<!-- Generated by org.testng.reporters.JUnitReportReporter -->
<testsuite skipped="0" hostname="LAPTOP-B120C2NT" name="main.NewTest" tests="1" failures="0" timestamp="31 Aug 2018 23:53:42 GMT" time="8.812" errors="0">
  <testcase name="test" time="8.812" classname="main.NewTest"/>
</testsuite> <!-- main.NewTest -->
