<?xml version="1.0" encoding="UTF-8"?>
<!-- Generated by org.testng.reporters.JUnitReportReporter -->
<testsuite skipped="0" hostname="LAPTOP-B120C2NT" name="main.NewTest" tests="1" failures="0" timestamp="30 Aug 2018 10:50:12 GMT" time="11.421" errors="0">
  <testcase name="test" time="11.421" classname="main.NewTest"/>
</testsuite> <!-- main.NewTest -->
